<?xml version="1.0" encoding="UTF-8"?>
<testsuite name="com.awapi.AppTest" tests="1" skipped="0" failures="0" errors="0" timestamp="2016-09-01T18:26:17" hostname="MLIW79X7M12" time="0.005">
  <properties/>
  <testcase name="homeController_Test" classname="com.awapi.AppTest" time="0.005"/>
  <system-out><![CDATA[]]></system-out>
  <system-err><![CDATA[]]></system-err>
</testsuite>
