<?xml version="1.0" encoding="UTF-8"?>
<testsuite name="com.awapi.ShipwreckController_Test" tests="1" skipped="0" failures="0" errors="0" timestamp="2016-09-01T19:18:06" hostname="MLIW79X7M12" time="0.25">
  <properties/>
  <testcase name="get_Test" classname="com.awapi.ShipwreckController_Test" time="0.25"/>
  <system-out><![CDATA[]]></system-out>
  <system-err><![CDATA[]]></system-err>
</testsuite>
